Looking for git in: git
Using git 2.17.1 from git
> git rev-parse --git-dir
Open repository: /home/aluno/Área de Trabalho/laravel/example-app
> git status -z -u
> git check-ignore -v -z --stdin
> git symbolic-ref --short HEAD
> git rev-parse master
> git rev-parse --symbolic-full-name master@{u}
fatal: upstream branch 'refs/heads/master' not stored as a remote-tracking branch
> git for-each-ref --sort -committerdate --format %(refname) %(objectname)
> git remote --verbose
> git config --get commit.template
> git check-ignore -v -z --stdin
> git check-ignore -v -z --stdin
> git check-ignore -v -z --stdin
> git show --textconv :routes/web.php
> git ls-files --stage -- /home/aluno/Área de Trabalho/laravel/example-app/routes/web.php
> git cat-file -s a96ac514daea0e5573f7ffa698b247af871a1e0b
> git status -z -u
> git symbolic-ref --short HEAD
> git rev-parse master
> git rev-parse --symbolic-full-name master@{u}
fatal: upstream branch 'refs/heads/master' not stored as a remote-tracking branch
> git for-each-ref --sort -committerdate --format %(refname) %(objectname)
> git remote --verbose
> git config --get commit.template
> git check-ignore -v -z --stdin
> git check-ignore -v -z --stdin
> git check-ignore -v -z --stdin
> git check-ignore -v -z --stdin
> git show --textconv :public/robots.txt
> git ls-files --stage -- /home/aluno/Área de Trabalho/laravel/example-app/public/robots.txt
> git cat-file -s eb0536286f3081c6c0646817037faf5446e3547d
> git show --textconv :public/index.php
> git ls-files --stage -- /home/aluno/Área de Trabalho/laravel/example-app/public/index.php
> git cat-file -s 4584cbcd6ad53d355c4448fc0823febd90fb5340
> git show --textconv :resources/views/series/index.blade.php
> git ls-files --stage -- /home/aluno/Área de Trabalho/laravel/example-app/resources/views/series/index.blade.php
> git cat-file -s 148d4de96dc29af8a256ee4e23302a40e89e908b
> git show --textconv :resources/views/layout.blade.php
> git ls-files --stage -- /home/aluno/Área de Trabalho/laravel/example-app/resources/views/layout.blade.php
> git cat-file -s 871ae9ac9254041f45c8f303cadeaf8081475beb
> git show --textconv :resources/views/welcome.blade.php
> git ls-files --stage -- /home/aluno/Área de Trabalho/laravel/example-app/resources/views/welcome.blade.php
> git cat-file -s 7bc33725dc6c6a24d4e175f884965341c5c51da3
> git show --textconv :resources/views/layout.blade.php
> git ls-files --stage -- /home/aluno/Área de Trabalho/laravel/example-app/resources/views/layout.blade.php
> git cat-file -s 871ae9ac9254041f45c8f303cadeaf8081475beb
> git check-ignore -v -z --stdin
> git show --textconv :public/css/styles.css
> git ls-files --stage -- /home/aluno/Área de Trabalho/laravel/example-app/public/css/styles.css
> git cat-file -s 9b830342ca0180436517da52185b1de30177f614
> git show --textconv :resources/views/layout.blade.php
> git ls-files --stage -- /home/aluno/Área de Trabalho/laravel/example-app/resources/views/layout.blade.php
> git cat-file -s 871ae9ac9254041f45c8f303cadeaf8081475beb
> git show --textconv :public/css/styles.css
> git ls-files --stage -- /home/aluno/Área de Trabalho/laravel/example-app/public/css/styles.css
> git cat-file -s 9b830342ca0180436517da52185b1de30177f614
> git show --textconv :resources/views/layout.blade.php
> git ls-files --stage -- /home/aluno/Área de Trabalho/laravel/example-app/resources/views/layout.blade.php
> git cat-file -s 871ae9ac9254041f45c8f303cadeaf8081475beb
> git show --textconv :public/css/styles.css
> git ls-files --stage -- /home/aluno/Área de Trabalho/laravel/example-app/public/css/styles.css
> git cat-file -s 9b830342ca0180436517da52185b1de30177f614
> git show --textconv :resources/views/layout.blade.php
> git ls-files --stage -- /home/aluno/Área de Trabalho/laravel/example-app/resources/views/layout.blade.php
> git cat-file -s 871ae9ac9254041f45c8f303cadeaf8081475beb
> git show --textconv :public/css/styles.css
> git ls-files --stage -- /home/aluno/Área de Trabalho/laravel/example-app/public/css/styles.css
> git cat-file -s 9b830342ca0180436517da52185b1de30177f614
> git show --textconv :resources/views/layout.blade.php
> git ls-files --stage -- /home/aluno/Área de Trabalho/laravel/example-app/resources/views/layout.blade.php
> git cat-file -s 871ae9ac9254041f45c8f303cadeaf8081475beb
> git show --textconv :public/css/styles.css
> git ls-files --stage -- /home/aluno/Área de Trabalho/laravel/example-app/public/css/styles.css
> git cat-file -s 9b830342ca0180436517da52185b1de30177f614
> git show --textconv :resources/views/layout.blade.php
> git ls-files --stage -- /home/aluno/Área de Trabalho/laravel/example-app/resources/views/layout.blade.php
> git cat-file -s 871ae9ac9254041f45c8f303cadeaf8081475beb
> git show --textconv :public/css/styles.css
> git ls-files --stage -- /home/aluno/Área de Trabalho/laravel/example-app/public/css/styles.css
> git cat-file -s 9b830342ca0180436517da52185b1de30177f614
> git show --textconv :resources/views/layout.blade.php
> git ls-files --stage -- /home/aluno/Área de Trabalho/laravel/example-app/resources/views/layout.blade.php
> git cat-file -s 871ae9ac9254041f45c8f303cadeaf8081475beb
> git show --textconv :public/css/styles.css
> git ls-files --stage -- /home/aluno/Área de Trabalho/laravel/example-app/public/css/styles.css
> git cat-file -s 9b830342ca0180436517da52185b1de30177f614
> git show --textconv :resources/views/layout.blade.php
> git ls-files --stage -- /home/aluno/Área de Trabalho/laravel/example-app/resources/views/layout.blade.php
> git cat-file -s 871ae9ac9254041f45c8f303cadeaf8081475beb
> git show --textconv :public/css/styles.css
> git ls-files --stage -- /home/aluno/Área de Trabalho/laravel/example-app/public/css/styles.css
> git cat-file -s 9b830342ca0180436517da52185b1de30177f614
> git show --textconv :resources/views/layout.blade.php
> git ls-files --stage -- /home/aluno/Área de Trabalho/laravel/example-app/resources/views/layout.blade.php
> git cat-file -s 871ae9ac9254041f45c8f303cadeaf8081475beb
> git show --textconv :public/css/styles.css
> git ls-files --stage -- /home/aluno/Área de Trabalho/laravel/example-app/public/css/styles.css
> git cat-file -s 9b830342ca0180436517da52185b1de30177f614
> git show --textconv :resources/views/layout.blade.php
> git ls-files --stage -- /home/aluno/Área de Trabalho/laravel/example-app/resources/views/layout.blade.php
> git cat-file -s 871ae9ac9254041f45c8f303cadeaf8081475beb
> git show --textconv :public/css/styles.css
> git ls-files --stage -- /home/aluno/Área de Trabalho/laravel/example-app/public/css/styles.css
> git cat-file -s 9b830342ca0180436517da52185b1de30177f614
> git show --textconv :resources/views/layout.blade.php
> git ls-files --stage -- /home/aluno/Área de Trabalho/laravel/example-app/resources/views/layout.blade.php
> git cat-file -s 871ae9ac9254041f45c8f303cadeaf8081475beb
> git show --textconv :public/css/styles.css
> git ls-files --stage -- /home/aluno/Área de Trabalho/laravel/example-app/public/css/styles.css
> git cat-file -s 9b830342ca0180436517da52185b1de30177f614
> git show --textconv :resources/views/layout.blade.php
> git ls-files --stage -- /home/aluno/Área de Trabalho/laravel/example-app/resources/views/layout.blade.php
> git cat-file -s 871ae9ac9254041f45c8f303cadeaf8081475beb
> git show --textconv :public/css/styles.css
> git ls-files --stage -- /home/aluno/Área de Trabalho/laravel/example-app/public/css/styles.css
> git cat-file -s 9b830342ca0180436517da52185b1de30177f614
> git show --textconv :resources/views/layout.blade.php
> git ls-files --stage -- /home/aluno/Área de Trabalho/laravel/example-app/resources/views/layout.blade.php
> git cat-file -s 871ae9ac9254041f45c8f303cadeaf8081475beb
> git show --textconv :public/css/styles.css
> git ls-files --stage -- /home/aluno/Área de Trabalho/laravel/example-app/public/css/styles.css
> git cat-file -s 9b830342ca0180436517da52185b1de30177f614
> git show --textconv :resources/views/layout.blade.php
> git ls-files --stage -- /home/aluno/Área de Trabalho/laravel/example-app/resources/views/layout.blade.php
> git cat-file -s 871ae9ac9254041f45c8f303cadeaf8081475beb
> git show --textconv :public/css/styles.css
> git ls-files --stage -- /home/aluno/Área de Trabalho/laravel/example-app/public/css/styles.css
> git cat-file -s 9b830342ca0180436517da52185b1de30177f614
> git show --textconv :resources/views/layout.blade.php
> git ls-files --stage -- /home/aluno/Área de Trabalho/laravel/example-app/resources/views/layout.blade.php
> git cat-file -s 871ae9ac9254041f45c8f303cadeaf8081475beb
> git ls-files --stage -- /home/aluno/Área de Trabalho/laravel/example-app/resources/views/layout.blade.php
> git show --textconv :public/css/styles.css
> git ls-files --stage -- /home/aluno/Área de Trabalho/laravel/example-app/public/css/styles.css
> git show --textconv :resources/views/layout.blade.php
> git ls-files --stage -- /home/aluno/Área de Trabalho/laravel/example-app/resources/views/layout.blade.php
> git cat-file -s 9b830342ca0180436517da52185b1de30177f614
> git cat-file -s 871ae9ac9254041f45c8f303cadeaf8081475beb
> git cat-file -s 871ae9ac9254041f45c8f303cadeaf8081475beb
> git show --textconv :public/css/styles.css
> git ls-files --stage -- /home/aluno/Área de Trabalho/laravel/example-app/public/css/styles.css
> git cat-file -s 9b830342ca0180436517da52185b1de30177f614
> git show --textconv :resources/views/layout.blade.php
> git ls-files --stage -- /home/aluno/Área de Trabalho/laravel/example-app/resources/views/layout.blade.php
> git cat-file -s 871ae9ac9254041f45c8f303cadeaf8081475beb
> git show --textconv :resources/views/series/create.blade.php
> git ls-files --stage -- /home/aluno/Área de Trabalho/laravel/example-app/resources/views/series/create.blade.php
> git cat-file -s 9074e0886fe5dfa61093da1f62cb4e8ef5098e7f
> git show --textconv :resources/views/layout.blade.php
> git ls-files --stage -- /home/aluno/Área de Trabalho/laravel/example-app/resources/views/layout.blade.php
> git cat-file -s 871ae9ac9254041f45c8f303cadeaf8081475beb
> git show --textconv :resources/views/series/index.blade.php
> git ls-files --stage -- /home/aluno/Área de Trabalho/laravel/example-app/resources/views/series/index.blade.php
> git cat-file -s 148d4de96dc29af8a256ee4e23302a40e89e908b
> git show --textconv :public/css/styles.css
> git ls-files --stage -- /home/aluno/Área de Trabalho/laravel/example-app/public/css/styles.css
> git cat-file -s 9b830342ca0180436517da52185b1de30177f614
> git show --textconv :resources/views/series/index.blade.php
> git ls-files --stage -- /home/aluno/Área de Trabalho/laravel/example-app/resources/views/series/index.blade.php
> git cat-file -s 148d4de96dc29af8a256ee4e23302a40e89e908b
> git show --textconv :resources/views/layout.blade.php
> git ls-files --stage -- /home/aluno/Área de Trabalho/laravel/example-app/resources/views/layout.blade.php
> git cat-file -s 871ae9ac9254041f45c8f303cadeaf8081475beb
> git show --textconv :resources/views/series/index.blade.php
> git ls-files --stage -- /home/aluno/Área de Trabalho/laravel/example-app/resources/views/series/index.blade.php
> git cat-file -s 148d4de96dc29af8a256ee4e23302a40e89e908b
> git show --textconv :public/css/styles.css
> git ls-files --stage -- /home/aluno/Área de Trabalho/laravel/example-app/public/css/styles.css
> git cat-file -s 9b830342ca0180436517da52185b1de30177f614
> git show --textconv :resources/views/series/index.blade.php
> git ls-files --stage -- /home/aluno/Área de Trabalho/laravel/example-app/resources/views/series/index.blade.php
> git cat-file -s 148d4de96dc29af8a256ee4e23302a40e89e908b
> git show --textconv :resources/views/layout.blade.php
> git ls-files --stage -- /home/aluno/Área de Trabalho/laravel/example-app/resources/views/layout.blade.php
> git cat-file -s 871ae9ac9254041f45c8f303cadeaf8081475beb
> git show --textconv :public/css/styles.css
> git ls-files --stage -- /home/aluno/Área de Trabalho/laravel/example-app/public/css/styles.css
> git cat-file -s 9b830342ca0180436517da52185b1de30177f614
> git show --textconv :resources/views/series/index.blade.php
> git ls-files --stage -- /home/aluno/Área de Trabalho/laravel/example-app/resources/views/series/index.blade.php
> git cat-file -s 148d4de96dc29af8a256ee4e23302a40e89e908b
> git show --textconv :resources/views/layout.blade.php
> git ls-files --stage -- /home/aluno/Área de Trabalho/laravel/example-app/resources/views/layout.blade.php
> git cat-file -s 871ae9ac9254041f45c8f303cadeaf8081475beb
> git show --textconv :public/css/styles.css
> git ls-files --stage -- /home/aluno/Área de Trabalho/laravel/example-app/public/css/styles.css
> git cat-file -s 9b830342ca0180436517da52185b1de30177f614
> git show --textconv :resources/views/layout.blade.php
> git ls-files --stage -- /home/aluno/Área de Trabalho/laravel/example-app/resources/views/layout.blade.php
> git cat-file -s 871ae9ac9254041f45c8f303cadeaf8081475beb
> git show --textconv :resources/views/series/index.blade.php
> git ls-files --stage -- /home/aluno/Área de Trabalho/laravel/example-app/resources/views/series/index.blade.php
> git cat-file -s 148d4de96dc29af8a256ee4e23302a40e89e908b
> git check-ignore -v -z --stdin
> git check-ignore -v -z --stdin
> git show --textconv :database/migrations/2014_10_12_000000_create_users_table.php
> git ls-files --stage -- /home/aluno/Área de Trabalho/laravel/example-app/database/migrations/2014_10_12_000000_create_users_table.php
> git cat-file -s 621a24eb734b76ca474bb8b5ea4a62b5f27d223c
> git show --textconv :database/migrations/2014_10_12_100000_create_password_resets_table.php
> git ls-files --stage -- /home/aluno/Área de Trabalho/laravel/example-app/database/migrations/2014_10_12_100000_create_password_resets_table.php
> git cat-file -s 0ee0a36a4f87c2f914288abfc133573d6a6324b7
> git show --textconv :database/migrations/2019_08_19_000000_create_failed_jobs_table.php
> git ls-files --stage -- /home/aluno/Área de Trabalho/laravel/example-app/database/migrations/2019_08_19_000000_create_failed_jobs_table.php
> git cat-file -s 9bddee36cb3f0b9f4942b46fc7601d457ec4390e
> git show --textconv :database/migrations/2014_10_12_100000_create_password_resets_table.php
> git ls-files --stage -- /home/aluno/Área de Trabalho/laravel/example-app/database/migrations/2014_10_12_100000_create_password_resets_table.php
> git cat-file -s 0ee0a36a4f87c2f914288abfc133573d6a6324b7
> git show --textconv :database/migrations/2019_08_19_000000_create_failed_jobs_table.php
> git ls-files --stage -- /home/aluno/Área de Trabalho/laravel/example-app/database/migrations/2019_08_19_000000_create_failed_jobs_table.php
> git cat-file -s 9bddee36cb3f0b9f4942b46fc7601d457ec4390e
> git show --textconv :database/migrations/2021_04_15_183030_criar_tabela_teste.php
> git ls-files --stage -- /home/aluno/Área de Trabalho/laravel/example-app/database/migrations/2021_04_15_183030_criar_tabela_teste.php
> git cat-file -s dba80032beb1d7db4038bc3fc8a73e92ecdad0ce
> git show --textconv :database/migrations/2019_08_19_000000_create_failed_jobs_table.php
> git ls-files --stage -- /home/aluno/Área de Trabalho/laravel/example-app/database/migrations/2019_08_19_000000_create_failed_jobs_table.php
> git cat-file -s 9bddee36cb3f0b9f4942b46fc7601d457ec4390e
> git show --textconv :database/migrations/2014_10_12_100000_create_password_resets_table.php
> git ls-files --stage -- /home/aluno/Área de Trabalho/laravel/example-app/database/migrations/2014_10_12_100000_create_password_resets_table.php
> git cat-file -s 0ee0a36a4f87c2f914288abfc133573d6a6324b7
> git show --textconv :database/migrations/2014_10_12_000000_create_users_table.php
> git ls-files --stage -- /home/aluno/Área de Trabalho/laravel/example-app/database/migrations/2014_10_12_000000_create_users_table.php
> git cat-file -s 621a24eb734b76ca474bb8b5ea4a62b5f27d223c
> git show --textconv :database/migrations/2021_04_15_183030_criar_tabela_teste.php
> git ls-files --stage -- /home/aluno/Área de Trabalho/laravel/example-app/database/migrations/2021_04_15_183030_criar_tabela_teste.php
> git cat-file -s dba80032beb1d7db4038bc3fc8a73e92ecdad0ce
> git check-ignore -v -z --stdin
> git check-ignore -v -z --stdin
> git check-ignore -v -z --stdin
> git check-ignore -v -z --stdin
> git check-ignore -v -z --stdin
> git check-ignore -v -z --stdin
> git check-ignore -v -z --stdin
> git check-ignore -v -z --stdin
> git check-ignore -v -z --stdin
> git check-ignore -v -z --stdin
> git show --textconv :app/Temporada.php
> git ls-files --stage -- /home/aluno/Área de Trabalho/laravel/example-app/app/Temporada.php
> git show --textconv :resources/views/layout.blade.php
> git ls-files --stage -- /home/aluno/Área de Trabalho/laravel/example-app/resources/views/layout.blade.php
> git cat-file -s 871ae9ac9254041f45c8f303cadeaf8081475beb
> git check-ignore -v -z --stdin
> git show --textconv :app/Episodio.php
> git ls-files --stage -- /home/aluno/Área de Trabalho/laravel/example-app/app/Episodio.php
> git show --textconv :app/Serie.php
> git ls-files --stage -- /home/aluno/Área de Trabalho/laravel/example-app/app/Serie.php
> git cat-file -s daf35c80db7e51ca46b0e9c0a6217a2a8b9e08f0
> git show --textconv :app/Serie.php
> git ls-files --stage -- /home/aluno/Área de Trabalho/laravel/example-app/app/Serie.php
> git cat-file -s daf35c80db7e51ca46b0e9c0a6217a2a8b9e08f0
> git show --textconv :app/Temporada.php
> git ls-files --stage -- /home/aluno/Área de Trabalho/laravel/example-app/app/Temporada.php
> git show --textconv :app/Serie.php
> git ls-files --stage -- /home/aluno/Área de Trabalho/laravel/example-app/app/Serie.php
> git cat-file -s daf35c80db7e51ca46b0e9c0a6217a2a8b9e08f0
> git show --textconv :app/Temporada.php
> git ls-files --stage -- /home/aluno/Área de Trabalho/laravel/example-app/app/Temporada.php
> git show --textconv :app/Serie.php
> git ls-files --stage -- /home/aluno/Área de Trabalho/laravel/example-app/app/Serie.php
> git cat-file -s daf35c80db7e51ca46b0e9c0a6217a2a8b9e08f0
> git show --textconv :app/Temporada.php
> git ls-files --stage -- /home/aluno/Área de Trabalho/laravel/example-app/app/Temporada.php
> git show --textconv :app/Episodio.php
> git ls-files --stage -- /home/aluno/Área de Trabalho/laravel/example-app/app/Episodio.php
> git show --textconv :app/Serie.php
> git ls-files --stage -- /home/aluno/Área de Trabalho/laravel/example-app/app/Serie.php
> git cat-file -s daf35c80db7e51ca46b0e9c0a6217a2a8b9e08f0
